Copyright 1986-2022 Xilinx, Inc. All Rights Reserved. Copyright 2022-2024 Advanced Micro Devices, Inc. All Rights Reserved.
---------------------------------------------------------------------------------------------------------------------------------------------
| Tool Version : Vivado v.2023.2.2 (win64) Build 4126759 Thu Feb  8 23:53:51 MST 2024
| Date         : Wed May  8 13:13:27 2024
| Host         : Minseok running 64-bit major release  (build 9200)
| Command      : report_drc -file Gates_drc_opted.rpt -pb Gates_drc_opted.pb -rpx Gates_drc_opted.rpx
| Design       : Gates
| Device       : xc7a35tcpg236-3
| Speed File   : -3
| Design State : Synthesized
---------------------------------------------------------------------------------------------------------------------------------------------

Report DRC

Table of Contents
-----------------
1. REPORT SUMMARY
2. REPORT DETAILS

1. REPORT SUMMARY
-----------------
            Netlist: netlist
          Floorplan: design_1
      Design limits: <entire design considered>
           Ruledeck: default
             Max violations: <unlimited>
             Violations found: 0
+------+----------+-------------+------------+
| Rule | Severity | Description | Violations |
+------+----------+-------------+------------+
+------+----------+-------------+------------+

2. REPORT DETAILS
-----------------

