
*** Running vivado
    with args -log Adder_FND.vds -m64 -product Vivado -mode batch -messageDb vivado.pb -notrace -source Adder_FND.tcl


ECHO가 설정되어 있지 않습니다.
ECHO가 설정되어 있지 않습니다.

****** Vivado v2023.2.2 (64-bit)
  **** SW Build 4126759 on Thu Feb  8 23:53:51 MST 2024
  **** IP Build 4126054 on Fri Feb  9 11:39:09 MST 2024
  **** SharedData Build 4115275 on Tue Jan 30 00:40:57 MST 2024
    ** Copyright 1986-2022 Xilinx, Inc. All Rights Reserved.
    ** Copyright 2022-2024 Advanced Micro Devices, Inc. All Rights Reserved.

source Adder_FND.tcl -notrace
create_project: Time (s): cpu = 00:00:06 ; elapsed = 00:00:13 . Memory (MB): peak = 488.543 ; gain = 184.488
Command: read_checkpoint -auto_incremental -incremental C:/1_Study/VerilogHDL/Vivado/4ibt_Adder/4ibt_Adder.srcs/utils_1/imports/synth_1/_4BitAdder.dcp
INFO: [Vivado 12-5825] Read reference checkpoint from C:/1_Study/VerilogHDL/Vivado/4ibt_Adder/4ibt_Adder.srcs/utils_1/imports/synth_1/_4BitAdder.dcp for incremental synthesis
INFO: [Vivado 12-7989] Please ensure there are no constraint changes
Command: synth_design -top Adder_FND -part xc7a35tcpg236-1
Starting synth_design
Attempting to get a license for feature 'Synthesis' and/or device 'xc7a35t'
INFO: [Common 17-349] Got license for feature 'Synthesis' and/or device 'xc7a35t'
INFO: [Device 21-403] Loading part xc7a35tcpg236-1
INFO: [Designutils 20-5440] No compile time benefit to using incremental synthesis; A full resynthesis will be run
INFO: [Designutils 20-4379] Flow is switching to default flow due to incremental criteria not met. If you would like to alter this behaviour and have the flow terminate instead, please set the following parameter config_implementation {autoIncr.Synth.RejectBehavior Terminate}
INFO: [Synth 8-7079] Multithreading enabled for synth_design using a maximum of 2 processes.
INFO: [Synth 8-7078] Launching helper process for spawning children vivado processes
INFO: [Synth 8-7075] Helper process launched with PID 9268
---------------------------------------------------------------------------------
Starting RTL Elaboration : Time (s): cpu = 00:00:07 ; elapsed = 00:00:13 . Memory (MB): peak = 1324.137 ; gain = 441.566
---------------------------------------------------------------------------------
INFO: [Synth 8-6157] synthesizing module 'Adder_FND' [C:/1_Study/VerilogHDL/Vivado/4ibt_Adder/4ibt_Adder.srcs/sources_1/new/Adder_FND.v:3]
INFO: [Synth 8-6157] synthesizing module 'Adder' [C:/1_Study/VerilogHDL/Vivado/4ibt_Adder/4ibt_Adder.srcs/sources_1/new/4bitAdder.v:3]
INFO: [Synth 8-6157] synthesizing module 'fullAdder' [C:/1_Study/VerilogHDL/Vivado/4ibt_Adder/4ibt_Adder.srcs/sources_1/new/4bitAdder.v:57]
INFO: [Synth 8-6157] synthesizing module 'halfAdder' [C:/1_Study/VerilogHDL/Vivado/4ibt_Adder/4ibt_Adder.srcs/sources_1/new/4bitAdder.v:47]
INFO: [Synth 8-6155] done synthesizing module 'halfAdder' (0#1) [C:/1_Study/VerilogHDL/Vivado/4ibt_Adder/4ibt_Adder.srcs/sources_1/new/4bitAdder.v:47]
INFO: [Synth 8-6155] done synthesizing module 'fullAdder' (0#1) [C:/1_Study/VerilogHDL/Vivado/4ibt_Adder/4ibt_Adder.srcs/sources_1/new/4bitAdder.v:57]
INFO: [Synth 8-6155] done synthesizing module 'Adder' (0#1) [C:/1_Study/VerilogHDL/Vivado/4ibt_Adder/4ibt_Adder.srcs/sources_1/new/4bitAdder.v:3]
INFO: [Synth 8-6157] synthesizing module 'DigitSplitter' [C:/1_Study/VerilogHDL/Vivado/4ibt_Adder/4ibt_Adder.srcs/sources_1/new/DigitSplitter.v:4]
INFO: [Synth 8-6155] done synthesizing module 'DigitSplitter' (0#1) [C:/1_Study/VerilogHDL/Vivado/4ibt_Adder/4ibt_Adder.srcs/sources_1/new/DigitSplitter.v:4]
INFO: [Synth 8-6157] synthesizing module 'MUX' [C:/1_Study/VerilogHDL/Vivado/4ibt_Adder/4ibt_Adder.srcs/sources_1/new/MUX.v:3]
INFO: [Synth 8-226] default block is never used [C:/1_Study/VerilogHDL/Vivado/4ibt_Adder/4ibt_Adder.srcs/sources_1/new/MUX.v:13]
INFO: [Synth 8-6155] done synthesizing module 'MUX' (0#1) [C:/1_Study/VerilogHDL/Vivado/4ibt_Adder/4ibt_Adder.srcs/sources_1/new/MUX.v:3]
INFO: [Synth 8-6157] synthesizing module 'BCDtoSEG' [C:/1_Study/VerilogHDL/Vivado/4ibt_Adder/4ibt_Adder.srcs/sources_1/new/BCDtoSEG.v:3]
INFO: [Synth 8-226] default block is never used [C:/1_Study/VerilogHDL/Vivado/4ibt_Adder/4ibt_Adder.srcs/sources_1/new/BCDtoSEG.v:11]
INFO: [Synth 8-6155] done synthesizing module 'BCDtoSEG' (0#1) [C:/1_Study/VerilogHDL/Vivado/4ibt_Adder/4ibt_Adder.srcs/sources_1/new/BCDtoSEG.v:3]
INFO: [Synth 8-6157] synthesizing module 'Decoder2x4' [C:/1_Study/VerilogHDL/Vivado/4ibt_Adder/4ibt_Adder.srcs/sources_1/new/Decoder2x4.v:4]
INFO: [Synth 8-6155] done synthesizing module 'Decoder2x4' (0#1) [C:/1_Study/VerilogHDL/Vivado/4ibt_Adder/4ibt_Adder.srcs/sources_1/new/Decoder2x4.v:4]
INFO: [Synth 8-6155] done synthesizing module 'Adder_FND' (0#1) [C:/1_Study/VerilogHDL/Vivado/4ibt_Adder/4ibt_Adder.srcs/sources_1/new/Adder_FND.v:3]
---------------------------------------------------------------------------------
Finished RTL Elaboration : Time (s): cpu = 00:00:09 ; elapsed = 00:00:18 . Memory (MB): peak = 1430.996 ; gain = 548.426
---------------------------------------------------------------------------------
---------------------------------------------------------------------------------
Start Handling Custom Attributes
---------------------------------------------------------------------------------
---------------------------------------------------------------------------------
Finished Handling Custom Attributes : Time (s): cpu = 00:00:09 ; elapsed = 00:00:18 . Memory (MB): peak = 1430.996 ; gain = 548.426
---------------------------------------------------------------------------------
---------------------------------------------------------------------------------
Finished RTL Optimization Phase 1 : Time (s): cpu = 00:00:09 ; elapsed = 00:00:18 . Memory (MB): peak = 1430.996 ; gain = 548.426
---------------------------------------------------------------------------------
Netlist sorting complete. Time (s): cpu = 00:00:00 ; elapsed = 00:00:00.002 . Memory (MB): peak = 1430.996 ; gain = 0.000
INFO: [Project 1-570] Preparing netlist for logic optimization

Processing XDC Constraints
Initializing timing engine
Parsing XDC File [C:/1_Study/VerilogHDL/Vivado/4ibt_Adder/4ibt_Adder.srcs/constrs_1/imports/Vivado/MY_Basys-3-Master.xdc]
Finished Parsing XDC File [C:/1_Study/VerilogHDL/Vivado/4ibt_Adder/4ibt_Adder.srcs/constrs_1/imports/Vivado/MY_Basys-3-Master.xdc]
INFO: [Project 1-236] Implementation specific constraints were found while reading constraint file [C:/1_Study/VerilogHDL/Vivado/4ibt_Adder/4ibt_Adder.srcs/constrs_1/imports/Vivado/MY_Basys-3-Master.xdc]. These constraints will be ignored for synthesis but will be used in implementation. Impacted constraints are listed in the file [.Xil/Adder_FND_propImpl.xdc].
Resolution: To avoid this warning, move constraints listed in [.Xil/Adder_FND_propImpl.xdc] to another XDC file and exclude this new file from synthesis with the used_in_synthesis property (File Properties dialog in GUI) and re-run elaboration/synthesis.
Completed Processing XDC Constraints

Netlist sorting complete. Time (s): cpu = 00:00:00 ; elapsed = 00:00:00 . Memory (MB): peak = 1482.641 ; gain = 0.000
INFO: [Project 1-111] Unisim Transformation Summary:
No Unisim elements were transformed.

지정된 경로를 찾을 수 없습니다.
Constraint Validation Runtime : Time (s): cpu = 00:00:00 ; elapsed = 00:00:00.004 . Memory (MB): peak = 1482.641 ; gain = 0.000
INFO: [Designutils 20-5440] No compile time benefit to using incremental synthesis; A full resynthesis will be run
INFO: [Designutils 20-4379] Flow is switching to default flow due to incremental criteria not met. If you would like to alter this behaviour and have the flow terminate instead, please set the following parameter config_implementation {autoIncr.Synth.RejectBehavior Terminate}
---------------------------------------------------------------------------------
Finished Constraint Validation : Time (s): cpu = 00:00:19 ; elapsed = 00:00:39 . Memory (MB): peak = 1482.641 ; gain = 600.070
---------------------------------------------------------------------------------
---------------------------------------------------------------------------------
Start Loading Part and Timing Information
---------------------------------------------------------------------------------
Loading part: xc7a35tcpg236-1
---------------------------------------------------------------------------------
Finished Loading Part and Timing Information : Time (s): cpu = 00:00:19 ; elapsed = 00:00:39 . Memory (MB): peak = 1482.641 ; gain = 600.070
---------------------------------------------------------------------------------
---------------------------------------------------------------------------------
Start Applying 'set_property' XDC Constraints
---------------------------------------------------------------------------------
---------------------------------------------------------------------------------
Finished applying 'set_property' XDC Constraints : Time (s): cpu = 00:00:19 ; elapsed = 00:00:39 . Memory (MB): peak = 1482.641 ; gain = 600.070
---------------------------------------------------------------------------------
---------------------------------------------------------------------------------
Finished RTL Optimization Phase 2 : Time (s): cpu = 00:00:19 ; elapsed = 00:00:39 . Memory (MB): peak = 1482.641 ; gain = 600.070
---------------------------------------------------------------------------------
---------------------------------------------------------------------------------
Start RTL Component Statistics 
---------------------------------------------------------------------------------
Detailed RTL Component Info : 
+---XORs : 
	   2 Input      1 Bit         XORs := 8     
+---Muxes : 
	   4 Input    4 Bit        Muxes := 2     
---------------------------------------------------------------------------------
Finished RTL Component Statistics 
---------------------------------------------------------------------------------
---------------------------------------------------------------------------------
Start Part Resource Summary
---------------------------------------------------------------------------------
Part Resources:
DSPs: 90 (col length:60)
BRAMs: 100 (col length: RAMB18 60 RAMB36 30)
---------------------------------------------------------------------------------
Finished Part Resource Summary
---------------------------------------------------------------------------------
---------------------------------------------------------------------------------
Start Cross Boundary and Area Optimization
---------------------------------------------------------------------------------
WARNING: [Synth 8-7080] Parallel synthesis criteria is not met
---------------------------------------------------------------------------------
Finished Cross Boundary and Area Optimization : Time (s): cpu = 00:00:23 ; elapsed = 00:00:46 . Memory (MB): peak = 1482.641 ; gain = 600.070
---------------------------------------------------------------------------------
---------------------------------------------------------------------------------
Start Applying XDC Timing Constraints
---------------------------------------------------------------------------------
---------------------------------------------------------------------------------
Finished Applying XDC Timing Constraints : Time (s): cpu = 00:00:29 ; elapsed = 00:00:59 . Memory (MB): peak = 1482.641 ; gain = 600.070
---------------------------------------------------------------------------------
---------------------------------------------------------------------------------
Start Timing Optimization
---------------------------------------------------------------------------------
---------------------------------------------------------------------------------
Finished Timing Optimization : Time (s): cpu = 00:00:29 ; elapsed = 00:00:59 . Memory (MB): peak = 1482.641 ; gain = 600.070
---------------------------------------------------------------------------------
---------------------------------------------------------------------------------
Start Technology Mapping
---------------------------------------------------------------------------------
---------------------------------------------------------------------------------
Finished Technology Mapping : Time (s): cpu = 00:00:29 ; elapsed = 00:01:00 . Memory (MB): peak = 1482.641 ; gain = 600.070
---------------------------------------------------------------------------------
---------------------------------------------------------------------------------
Start IO Insertion
---------------------------------------------------------------------------------
---------------------------------------------------------------------------------
Start Flattening Before IO Insertion
---------------------------------------------------------------------------------
---------------------------------------------------------------------------------
Finished Flattening Before IO Insertion
---------------------------------------------------------------------------------
---------------------------------------------------------------------------------
Start Final Netlist Cleanup
---------------------------------------------------------------------------------
---------------------------------------------------------------------------------
Finished Final Netlist Cleanup
---------------------------------------------------------------------------------
---------------------------------------------------------------------------------
Finished IO Insertion : Time (s): cpu = 00:00:35 ; elapsed = 00:01:13 . Memory (MB): peak = 1482.641 ; gain = 600.070
---------------------------------------------------------------------------------
---------------------------------------------------------------------------------
Start Renaming Generated Instances
---------------------------------------------------------------------------------
---------------------------------------------------------------------------------
Finished Renaming Generated Instances : Time (s): cpu = 00:00:35 ; elapsed = 00:01:13 . Memory (MB): peak = 1482.641 ; gain = 600.070
---------------------------------------------------------------------------------
---------------------------------------------------------------------------------
Start Rebuilding User Hierarchy
---------------------------------------------------------------------------------
---------------------------------------------------------------------------------
Finished Rebuilding User Hierarchy : Time (s): cpu = 00:00:35 ; elapsed = 00:01:13 . Memory (MB): peak = 1482.641 ; gain = 600.070
---------------------------------------------------------------------------------
---------------------------------------------------------------------------------
Start Renaming Generated Ports
---------------------------------------------------------------------------------
---------------------------------------------------------------------------------
Finished Renaming Generated Ports : Time (s): cpu = 00:00:35 ; elapsed = 00:01:13 . Memory (MB): peak = 1482.641 ; gain = 600.070
---------------------------------------------------------------------------------
---------------------------------------------------------------------------------
Start Handling Custom Attributes
---------------------------------------------------------------------------------
---------------------------------------------------------------------------------
Finished Handling Custom Attributes : Time (s): cpu = 00:00:35 ; elapsed = 00:01:13 . Memory (MB): peak = 1482.641 ; gain = 600.070
---------------------------------------------------------------------------------
---------------------------------------------------------------------------------
Start Renaming Generated Nets
---------------------------------------------------------------------------------
---------------------------------------------------------------------------------
Finished Renaming Generated Nets : Time (s): cpu = 00:00:35 ; elapsed = 00:01:13 . Memory (MB): peak = 1482.641 ; gain = 600.070
---------------------------------------------------------------------------------
---------------------------------------------------------------------------------
Start Writing Synthesis Report
---------------------------------------------------------------------------------

Report BlackBoxes: 
+-+--------------+----------+
| |BlackBox name |Instances |
+-+--------------+----------+
+-+--------------+----------+

Report Cell Usage: 
+------+-----+------+
|      |Cell |Count |
+------+-----+------+
|1     |LUT2 |     4|
|2     |LUT3 |     1|
|3     |LUT4 |     9|
|4     |LUT5 |     4|
|5     |LUT6 |     4|
|6     |IBUF |    10|
|7     |OBUF |    13|
+------+-----+------+
---------------------------------------------------------------------------------
Finished Writing Synthesis Report : Time (s): cpu = 00:00:35 ; elapsed = 00:01:13 . Memory (MB): peak = 1482.641 ; gain = 600.070
---------------------------------------------------------------------------------
Synthesis finished with 0 errors, 0 critical warnings and 1 warnings.
Synthesis Optimization Runtime : Time (s): cpu = 00:00:24 ; elapsed = 00:01:10 . Memory (MB): peak = 1482.641 ; gain = 548.426
Synthesis Optimization Complete : Time (s): cpu = 00:00:35 ; elapsed = 00:01:14 . Memory (MB): peak = 1482.641 ; gain = 600.070
INFO: [Project 1-571] Translating synthesized netlist
Netlist sorting complete. Time (s): cpu = 00:00:00 ; elapsed = 00:00:00.001 . Memory (MB): peak = 1482.641 ; gain = 0.000
INFO: [Project 1-570] Preparing netlist for logic optimization
INFO: [Opt 31-138] Pushed 0 inverter(s) to 0 load pin(s).
Netlist sorting complete. Time (s): cpu = 00:00:00 ; elapsed = 00:00:00 . Memory (MB): peak = 1482.641 ; gain = 0.000
INFO: [Project 1-111] Unisim Transformation Summary:
No Unisim elements were transformed.

지정된 경로를 찾을 수 없습니다.
Synth Design complete | Checksum: 7411ecab
INFO: [Common 17-83] Releasing license: Synthesis
37 Infos, 1 Warnings, 0 Critical Warnings and 0 Errors encountered.
synth_design completed successfully
synth_design: Time (s): cpu = 00:00:39 ; elapsed = 00:01:25 . Memory (MB): peak = 1482.641 ; gain = 990.125
Write ShapeDB Complete: Time (s): cpu = 00:00:00 ; elapsed = 00:00:00.001 . Memory (MB): peak = 1482.641 ; gain = 0.000
INFO: [Common 17-1381] The checkpoint 'C:/1_Study/VerilogHDL/Vivado/4ibt_Adder/4ibt_Adder.runs/synth_1/Adder_FND.dcp' has been generated.
INFO: [runtcl-4] Executing : report_utilization -file Adder_FND_utilization_synth.rpt -pb Adder_FND_utilization_synth.pb
INFO: [Common 17-206] Exiting Vivado at Thu May  9 17:11:49 2024...
